[6]52994,Yuuto Abe,100
[5]37952,Hiroaki Doi,18
[4]17642,Iori Shiba,54
[3]11263,Sou Adachi,37
[1]11078,Yousuke Mizusaka,66
.
.
[2]15924,Takaya Nishimura,18
.
[1]16291,Wataru Yoshida,63
.
.
[3]23541,Masato Tahara,30
[1]23335,Hiroto Masuya,52
.
.
[2]27648,Yuuta Ryuu,92
.
[1]28604,Takashi Maruta,95
.
.
[3]45418,Yuuki Hozumi,55
[2]37964,Takayuki Tsuji,68
.
[1]39923,Tomoaki Kojima,74
.
.
[2]50678,Souta Inage,28
[1]48848,Yuudai Kurosaki,44
.
.
.
[5]82613,Youta Ikeda,93
[4]66250,Kouhei Sakamoto,76
[2]60612,Ouki Saitou,62
[1]56806,Ryouta Ohara,24
.
.
.
[3]75400,Takumi Shoubo,1
[1]71236,Kyouhei Chou,75
.
.
[2]80034,Kazuki Inoue,89
[1]76311,Hiroto Chigusa,58
.
.
.
[3]92152,Guntur Yamaguchi,62
[2]82734,Nariaki Yoshida,8
.
[1]87227,Mitsutaka Yoshida,41
.
.
[2]92286,Kyouhei Inoue,3
[1]92194,Tsuyoshi Saitou,37
.
.
[1]92979,Jin Suzuki,2
.
.
