2558
169 81
-183 236
-323 36
-253 204
-125 -300
-125 300
-125 300
-125 300
253 204
323 -36
323 36
323 36
-375 -200
-375 200
-297 -304
-87 -416
-87 -416
87 -416
87 416
297 -304
354 -485
-581 183
159 -609
-600 -250
72 -646
72 -646
72 646
408 506
-268 -609
333 644
525 -500
627 -364
-837 -116
-837 -116
-507 -676
-507 676
-507 676
-507 676
507 -676
507 676
837 116
-832 174
-608 594
-400 -750
400 750
608 -594
832 -174
420 -758
-533 -756
-43 -924
43 924
533 -756
533 756
533 756
533 756
533 756
875 300
-188 -921
838 -531
-835 625
-208 -1055
1084 150
426 -1083
687 1051
-313 -1224
-279 1321
1338 401
-255 -1376
-1287 563
-165 -1488
-741 -1310
231 -1490
-1411 560
506 -1439
-1081 -1080
-1021 -1149
1492 716
-191 -1645
1058 1287
-1378 946
1350 -1039
623 -1703
1904 -13
405 -1861
-1122 1613
1367 -1413
1288 -1503
-1761 951
768 -1852
1277 1586
1487 1524
-1932 -982
1559 -1538
1758 1357
-1536 1652
1777 -1421
-1727 1495
-1412 1831
1643 -1706
1915 -1921
