872 -1930
41 -1805
1421 -1794
820 -1762
-1786 -1748
236 -1589
-138 -1522
1851 -1478
-711 -1284
799 -1024
-1216 -1024
-1072 -820
1879 -819
-147 -800
-1924 -788
788 -705
-1992 -437
1706 -389
442 -361
494 -286
-1516 -274
244 -234
-1755 -198
890 -168
-1008 -157
-531 -91
-201 -91
328 -91
-1106 -33
-906 -13
-863 6
-1177 6
-709 27
614 72
-990 102
556 133
-1405 177
-1988 177
1540 177
1289 198
1276 198
-1507 229
157 229
928 242
-1130 265
-951 265
979 265
1608 270
1544 270
-1396 270
-884 290
1581 303
1142 329
-1619 347
-134 407
-1825 409
1815 421
-1742 458
569 458
1570 462
-1788 462
162 522
-879 578
1470 621
-1435 645
-637 645
-357 645
-1248 667
-1116 667
-746 682
-1189 688
-901 705
-157 731
483 741
-351 741
-236 749
586 836
1197 845
207 850
1209 878
-341 902
-1738 903
-990 905
-495 905
1554 905
-681 988
-1631 1024
728 1125
-1697 1127
-1045 1420
-65 1524
1797 1538
-150 1567
1923 1685
155 1806
-1341 1821
-678 1837
-101 1868
-819 1950
763 1989
