Yoshihisa Ninomiya,5
You Kanno,50
Makoto Sakamoto,44
Takahiro Vamoua,92
Akira Saitou,93
Tomoki Taniguchi,116
Gakushi Kawamura,10
Miku Ihara,6
Yuu Jinguu,18
Hayato Kurosaki,39
Youta Itagaki,44
Tomoki Kawano,4
Toshiya Yamaguchi,6
Yuuki Seki,54
Yousuke Oota,62
Tomoaki Kitahara,47
Tatsuya Kaneko,94
Tomoya Yamamoto,56
Hayato Toda,63
Tatsuya Ajiki,66
Ryuuji Tsuchiya,65
Hiroto Abe,34
Ryou Toda,0
Yuuki Arai,64
Daisuke Sawahata,63
Takuya Yoshida,40
Makoto Inage,83
Yuuki Kagaya,53
Hiroki Kazui,23
Tomoki Kanahyou,53
Shunpei Masuma,25
Kenji Murakami,104
Sou Watanabe,9
Yuuta Nakae,100
Ryuusuke Oda,84
